TN:
SF:C:\Users\engin\Desktop\Meal-Booking\api/app.js
FN:13,(anonymous_1)
FN:21,(anonymous_2)
FNF:2
FNH:1
FNDA:0,(anonymous_1)
FNDA:1,(anonymous_2)
DA:1,1
DA:3,1
DA:4,1
DA:5,1
DA:7,1
DA:10,1
DA:11,1
DA:13,1
DA:14,0
DA:17,1
DA:18,1
DA:19,1
DA:21,1
DA:22,1
DA:25,1
LF:15
LH:14
BRDA:21,0,0,1
BRDA:21,0,1,1
BRF:2
BRH:2
end_of_record
TN:
SF:C:\Users\engin\Desktop\Meal-Booking\api\controllers/meal.controller.js
FN:3,getMeals
FNF:1
FNH:1
FNDA:5,getMeals
DA:1,1
DA:3,1
DA:5,1
DA:6,1
DA:15,1
DA:17,1
DA:19,1
DA:20,0
DA:25,1
DA:34,1
DA:35,1
DA:38,0
DA:39,0
DA:40,0
DA:49,1
DA:50,1
DA:52,1
DA:53,0
DA:57,1
DA:58,1
DA:67,1
DA:68,1
DA:70,1
DA:71,0
DA:75,1
DA:76,1
DA:85,1
LF:27
LH:21
BRDA:19,0,0,0
BRDA:19,0,1,1
BRDA:34,1,0,1
BRDA:34,1,1,0
BRDA:52,2,0,0
BRDA:52,2,1,1
BRDA:70,3,0,0
BRDA:70,3,1,1
BRF:8
BRH:4
end_of_record
TN:
SF:C:\Users\engin\Desktop\Meal-Booking\api\controllers/menu.controller.js
FN:3,getMenu
FNF:1
FNH:1
FNDA:2,getMenu
DA:1,1
DA:3,1
DA:5,1
DA:6,1
DA:15,1
DA:16,0
DA:18,1
DA:19,1
DA:28,0
DA:29,0
DA:31,0
DA:32,0
DA:37,0
DA:46,1
LF:14
LH:8
BRDA:15,0,0,0
BRDA:15,0,1,1
BRDA:31,1,0,0
BRDA:31,1,1,0
BRF:4
BRH:1
end_of_record
TN:
SF:C:\Users\engin\Desktop\Meal-Booking\api\controllers/order.controller.js
FN:3,getOrders
FNF:1
FNH:1
FNDA:4,getOrders
DA:1,1
DA:3,1
DA:5,1
DA:6,1
DA:15,1
DA:16,1
DA:18,1
DA:19,0
DA:24,1
DA:33,1
DA:34,1
DA:37,0
DA:38,0
DA:39,0
DA:48,1
DA:49,1
DA:51,1
DA:52,0
DA:56,1
DA:57,1
DA:66,1
LF:21
LH:16
BRDA:18,0,0,0
BRDA:18,0,1,1
BRDA:33,1,0,1
BRDA:33,1,1,0
BRDA:51,2,0,0
BRDA:51,2,1,1
BRF:6
BRH:3
end_of_record
TN:
SF:C:\Users\engin\Desktop\Meal-Booking\api\models/meal.model.js
FN:2,Meal
FNF:1
FNH:1
FNDA:4,Meal
DA:2,4
DA:3,4
DA:4,4
DA:5,4
DA:6,4
DA:7,4
DA:8,4
DA:12,1
LF:8
LH:8
BRF:0
BRH:0
end_of_record
TN:
SF:C:\Users\engin\Desktop\Meal-Booking\api\models/menu.model.js
FN:2,Menu
FNF:1
FNH:1
FNDA:4,Menu
DA:2,4
DA:3,4
DA:4,4
DA:5,4
DA:9,1
LF:5
LH:5
BRF:0
BRH:0
end_of_record
TN:
SF:C:\Users\engin\Desktop\Meal-Booking\api\models/order.model.js
FN:2,Order
FNF:1
FNH:1
FNDA:4,Order
DA:2,4
DA:3,4
DA:4,4
DA:5,4
DA:6,4
DA:7,4
DA:8,4
DA:9,4
DA:10,4
DA:11,4
DA:12,4
DA:13,4
DA:17,1
LF:13
LH:13
BRDA:4,0,0,4
BRDA:4,0,1,0
BRDA:4,0,2,0
BRF:3
BRH:1
end_of_record
TN:
SF:C:\Users\engin\Desktop\Meal-Booking\api\routes/meal.routes.js
FNF:0
FNH:0
DA:1,1
DA:2,1
DA:4,1
DA:6,1
DA:7,1
DA:8,1
DA:9,1
DA:10,1
DA:12,1
LF:9
LH:9
BRF:0
BRH:0
end_of_record
TN:
SF:C:\Users\engin\Desktop\Meal-Booking\api\routes/menu.route.js
FNF:0
FNH:0
DA:1,1
DA:2,1
DA:4,1
DA:6,1
DA:7,1
DA:8,1
DA:10,1
LF:7
LH:7
BRF:0
BRH:0
end_of_record
TN:
SF:C:\Users\engin\Desktop\Meal-Booking\api\routes/order.routes.js
FNF:0
FNH:0
DA:1,1
DA:2,1
DA:4,1
DA:6,1
DA:7,1
DA:8,1
DA:9,1
DA:11,1
LF:8
LH:8
BRF:0
BRH:0
end_of_record
TN:
SF:C:\Users\engin\Desktop\Meal-Booking\api\services/meal.services.js
FN:4,getAllMeals
FN:6,(anonymous_2)
FN:29,(anonymous_5)
FN:47,(anonymous_8)
FNF:4
FNH:4
FNDA:8,getAllMeals
FNDA:4,(anonymous_2)
FNDA:10,(anonymous_5)
FNDA:4,(anonymous_8)
DA:1,1
DA:2,1
DA:4,1
DA:6,1
DA:7,4
DA:8,4
DA:9,4
DA:10,4
DA:11,4
DA:12,4
DA:13,4
DA:14,4
DA:16,1
DA:20,0
DA:21,0
DA:22,0
DA:23,0
DA:24,0
DA:28,5
DA:29,10
DA:30,5
DA:34,1
DA:35,1
DA:36,1
DA:37,1
DA:38,1
DA:39,1
DA:40,1
DA:44,1
DA:45,1
DA:47,1
DA:48,4
DA:51,1
DA:52,1
DA:56,1
LF:35
LH:30
BRDA:36,0,0,1
BRDA:36,0,1,0
BRDA:37,1,0,1
BRDA:37,1,1,0
BRDA:38,2,0,1
BRDA:38,2,1,0
BRDA:39,3,0,1
BRDA:39,3,1,0
BRF:8
BRH:4
end_of_record
TN:
SF:C:\Users\engin\Desktop\Meal-Booking\api\services/menu.services.js
FN:4,getMenu
FN:6,(anonymous_2)
FN:27,(anonymous_5)
FNF:3
FNH:2
FNDA:2,getMenu
FNDA:4,(anonymous_2)
FNDA:0,(anonymous_5)
DA:1,1
DA:2,1
DA:4,1
DA:6,1
DA:7,4
DA:8,4
DA:9,4
DA:10,4
DA:12,4
DA:14,1
DA:18,1
DA:19,1
DA:20,1
DA:21,1
DA:22,1
DA:26,0
DA:27,0
DA:29,0
DA:31,0
DA:32,0
DA:36,1
LF:21
LH:16
BRDA:31,0,0,0
BRDA:31,0,1,0
BRF:2
BRH:0
end_of_record
TN:
SF:C:\Users\engin\Desktop\Meal-Booking\api\services/order.services.js
FN:4,getOrders
FN:6,(anonymous_2)
FN:34,(anonymous_5)
FNF:3
FNH:3
FNDA:5,getOrders
FNDA:4,(anonymous_2)
FNDA:9,(anonymous_5)
DA:1,1
DA:2,1
DA:4,1
DA:6,1
DA:7,4
DA:8,4
DA:9,4
DA:10,4
DA:11,4
DA:12,4
DA:13,4
DA:14,4
DA:15,4
DA:16,4
DA:17,4
DA:19,1
DA:23,0
DA:24,0
DA:25,0
DA:26,0
DA:27,0
DA:28,0
DA:29,0
DA:33,3
DA:34,9
DA:35,3
DA:39,1
DA:40,1
DA:42,1
DA:43,1
DA:45,1
DA:46,1
DA:48,1
DA:52,1
LF:34
LH:27
BRDA:42,0,0,1
BRDA:42,0,1,1
BRDA:44,1,0,1
BRDA:44,1,1,1
BRDA:45,2,0,1
BRDA:45,2,1,1
BRDA:46,3,0,1
BRDA:46,3,1,1
BRF:8
BRH:8
end_of_record
TN:
SF:C:\Users\engin\Desktop\Meal-Booking\api\utils/mealData.js
FNF:0
FNH:0
DA:1,1
LF:1
LH:1
BRF:0
BRH:0
end_of_record
TN:
SF:C:\Users\engin\Desktop\Meal-Booking\api\utils/menuData.js
FNF:0
FNH:0
DA:1,1
LF:1
LH:1
BRF:0
BRH:0
end_of_record
TN:
SF:C:\Users\engin\Desktop\Meal-Booking\api\utils/orderData.js
FNF:0
FNH:0
DA:1,1
LF:1
LH:1
BRF:0
BRH:0
end_of_record
